gdx-backend-android-textureview/build/intermediates/manifest_merge_blame_file/debug/manifest-merger-blame-debug-report.txt
1<?xml version="1.0" encoding="utf-8"?>
2<manifest xmlns:android="http://schemas.android.com/apk/res/android"
3    package="com.badlogic.gdx.backends" >
4
5    <uses-sdk android:minSdkVersion="15" />
5-->src/main/AndroidManifest.xml
6
7    <uses-permission android:name="android.permission.VIBRATE" />
7-->src/main/AndroidManifest.xml:4:5-66
7-->src/main/AndroidManifest.xml:4:22-63
8
9    <application android:supportsRtl="true" >
9-->src/main/AndroidManifest.xml:5:5-8:19
9-->src/main/AndroidManifest.xml:6:13-39
10    </application>
11
12</manifest>